#
# A fatal error has been detected by the Java Runtime Environment:
#
#  SIGSEGV (0xb) at pc=0x00007fff88fbe097, pid=13239, tid=1287
#
# JRE version: Java(TM) SE Runtime Environment (7.0_45-b18) (build 1.7.0_45-b18)
# Java VM: Java HotSpot(TM) 64-Bit Server VM (24.45-b08 mixed mode bsd-amd64 compressed oops)
# Problematic frame:
# C  [libobjc.A.dylib+0x5097]  objc_msgSend+0x17
#
# Failed to write core dump. Core dumps have been disabled. To enable core dumping, try "ulimit -c unlimited" before starting Java again
#
# If you would like to submit a bug report, please visit:
#   http://bugreport.sun.com/bugreport/crash.jsp
# The crash happened outside the Java Virtual Machine in native code.
# See problematic frame for where to report the bug.
#

---------------  T H R E A D  ---------------

Current thread (0x00007fa49a870000):  JavaThread "AppKit Thread" daemon [_thread_in_native, id=1287, stack(0x00007fff5f9de000,0x00007fff5fa5e000)]

siginfo:si_signo=SIGSEGV: si_errno=0, si_code=0 (SEGV0), si_addr=0x0000000000000000

Registers:
RAX=0x5e0077f17dfb69c4, RBX=0x00007fa499e3cde0, RCX=0x00007fa49b0000d0, RDX=0x00000000a1a1a1a1
RSP=0x00007fff5fa57ac8, RBP=0x00007fff5fa57af0, RSI=0x00007fff889f2d36, RDI=0x00007fa499e3cde0
R8 =0x0000000000000005, R9 =0x00007fa49c301d80, R10=0x00007fff889f2d36, R11=0xe000000000000000
R12=0x00007fa499c2dab0, R13=0x00007fa499f6cb00, R14=0x00007fa499c2da00, R15=0x0000000000000090
RIP=0x00007fff88fbe097, EFLAGS=0x0000000000010246, ERR=0x0000000000000000
  TRAPNO=0x000000000000000d

Top of Stack: (sp=0x00007fff5fa57ac8)
0x00007fff5fa57ac8:   00000001967d067e 00007fa499c2dab0
0x00007fff5fa57ad8:   0000000196802b98 00007fa499c17c80
0x00007fff5fa57ae8:   0000000000000094 00007fff5fa57fd0
0x00007fff5fa57af8:   00007fff880d0e12 0000000000000000
0x00007fff5fa57b08:   0000000000000000 407e000000000000
0x00007fff5fa57b18:   4088800000000000 0000000000000000
0x00007fff5fa57b28:   0000000000000000 407e000000000000
0x00007fff5fa57b38:   4088800000000000 00007fff88fbe1c4
0x00007fff5fa57b48:   00007fa499d6f530 00007fff5fa57bd0
0x00007fff5fa57b58:   00007fa499c17c80 401c000000000000
0x00007fff5fa57b68:   00007fff889b61db 002c000000000001
0x00007fff5fa57b78:   4030000000000000 401c000000000000
0x00007fff5fa57b88:   4088980000000000 00007fa499f31740
0x00007fff5fa57b98:   4030000000000000 00007fa499d6f530
0x00007fff5fa57ba8:   0000000000000000 00007fa499c2dab0
0x00007fff5fa57bb8:   0000000000000000 00007fff5fa57c01
0x00007fff5fa57bc8:   00007fff5fa57d30 00007fff5fa57d20
0x00007fff5fa57bd8:   00007fff881b582a 00007fff5fa57d20
0x00007fff5fa57be8:   00007fff881b6259 402c000000000000
0x00007fff5fa57bf8:   4030000000000000 401c000000000000
0x00007fff5fa57c08:   4088980000000000 402c000000000000
0x00007fff5fa57c18:   4030000000000000 0000000000000000
0x00007fff5fa57c28:   0000000000000000 407e000000000000
0x00007fff5fa57c38:   4089300000000000 401c000000000000
0x00007fff5fa57c48:   4088980000000000 402c000000000000
0x00007fff5fa57c58:   4030000000000000 0000000000000000
0x00007fff5fa57c68:   0000000000000000 401c000000000000
0x00007fff5fa57c78:   4088980000000000 00007fff5fa57d20
0x00007fff5fa57c88:   00007fff90e6906e 00007fa499e00000
0x00007fff5fa57c98:   00007fa499efc080 00007fa499e5d7a8
0x00007fff5fa57ca8:   00000000000005d7 000000000005d7a0
0x00007fff5fa57cb8:   00000000000000b0 00007fa4aaaa0083 

Instructions: (pc=0x00007fff88fbe097)
0x00007fff88fbe077:   90 90 90 90 90 90 90 90 90 48 85 ff 2e 74 72 40
0x00007fff88fbe087:   f6 c7 01 2e 0f 85 7e 00 00 00 4c 8b 1f 49 89 f2
0x00007fff88fbe097:   45 23 53 18 49 c1 e2 04 4d 03 53 10 49 3b 32 75
0x00007fff88fbe0a7:   04 41 ff 62 08 49 83 3a 00 74 74 4d 3b 53 10 74 

Register to memory mapping:

RAX=0x5e0077f17dfb69c4 is an unknown value
RBX=0x00007fa499e3cde0 is an unknown value
RCX=0x00007fa49b0000d0 is an unknown value
RDX=0x00000000a1a1a1a1 is an unknown value
RSP=0x00007fff5fa57ac8 is pointing into the stack for thread: 0x00007fa49a870000
RBP=0x00007fff5fa57af0 is pointing into the stack for thread: 0x00007fa49a870000
RSI=0x00007fff889f2d36: NSAppKitVersionNumber+0x534f6 in /System/Library/Frameworks/AppKit.framework/Versions/C/AppKit at 0x00007fff87f51000
RDI=0x00007fa499e3cde0 is an unknown value
R8 =0x0000000000000005 is an unknown value
R9 =0x00007fa49c301d80 is an unknown value
R10=0x00007fff889f2d36: NSAppKitVersionNumber+0x534f6 in /System/Library/Frameworks/AppKit.framework/Versions/C/AppKit at 0x00007fff87f51000
R11=0xe000000000000000 is an unknown value
R12=0x00007fa499c2dab0 is an unknown value
R13=0x00007fa499f6cb00 is an unknown value
R14=0x00007fa499c2da00 is an unknown value
R15=0x0000000000000090 is an unknown value


Stack: [0x00007fff5f9de000,0x00007fff5fa5e000],  sp=0x00007fff5fa57ac8,  free space=486k
Native frames: (J=compiled Java code, j=interpreted, Vv=VM code, C=native code)
C  [libobjc.A.dylib+0x5097]  objc_msgSend+0x17
C  [AppKit+0x17fe12]  -[NSView _recursiveDisplayRectIfNeededIgnoringOpacity:isVisibleRect:rectIsVisibleRectForView:topView:]+0x70b
C  [AppKit+0x180f0e]  -[NSView _recursiveDisplayRectIfNeededIgnoringOpacity:isVisibleRect:rectIsVisibleRectForView:topView:]+0x1807
C  [AppKit+0x17f201]  -[NSThemeFrame _recursiveDisplayRectIfNeededIgnoringOpacity:isVisibleRect:rectIsVisibleRectForView:topView:]+0x13a
C  [AppKit+0x17c209]  -[NSView _displayRectIgnoringOpacity:isVisibleRect:rectIsVisibleRectForView:]+0xb0c
C  [AppKit+0x15b63a]  -[NSView displayIfNeeded]+0x690
C  [AppKit+0x1c089e]  _handleWindowNeedsDisplayOrLayoutOrUpdateConstraints+0x374
C  [Foundation+0x65094]  __NSFireTimer+0x60
C  [CoreFoundation+0xb5724]  __CFRUNLOOP_IS_CALLING_OUT_TO_A_TIMER_CALLBACK_FUNCTION__+0x14
C  [CoreFoundation+0xb525f]  __CFRunLoopDoTimer+0x47f
C  [CoreFoundation+0x12676a]  __CFRunLoopDoTimers+0x12a
C  [CoreFoundation+0x70aa5]  __CFRunLoopRun+0x5f5
C  [CoreFoundation+0x70275]  CFRunLoopRunSpecific+0x135
C  [HIToolbox+0x2ef0d]  RunCurrentEventLoopInMode+0xe2
C  [HIToolbox+0x2ecb7]  ReceiveNextEventCommon+0x1df
C  [HIToolbox+0x2eabc]  _BlockUntilNextEventMatchingListInModeWithFilter+0x41
C  [AppKit+0x2428e]  _DPSNextEvent+0x59a
C  [AppKit+0x238db]  -[NSApplication nextEventMatchingMask:untilDate:inMode:dequeue:]+0x7a
C  [libosxapp.dylib+0x16f4]  -[NSApplicationAWT nextEventMatchingMask:untilDate:inMode:dequeue:]+0x7c
C  [AppKit+0x179cc]  -[NSApplication run]+0x229
C  [libosxapp.dylib+0x1557]  +[NSApplicationAWT runAWTLoopWithApp:]+0x9c
C  [liblwawt.dylib+0xdba9]  -[AWTStarter starter:]+0x369
C  [Foundation+0x640de]  __NSThreadPerformPerform+0xe5
C  [CoreFoundation+0x7f8f1]  __CFRUNLOOP_IS_CALLING_OUT_TO_A_SOURCE0_PERFORM_FUNCTION__+0x11
C  [CoreFoundation+0x71062]  __CFRunLoopDoSources0+0xf2
C  [CoreFoundation+0x707ef]  __CFRunLoopRun+0x33f
C  [CoreFoundation+0x70275]  CFRunLoopRunSpecific+0x135
C  [java+0x73b0]  CreateExecutionEnvironment+0x367
C  [java+0x1b5c]  JLI_Launch+0x7a0
C  [java+0x770d]  main+0x65
C  [java+0x13b4]  start+0x34


---------------  P R O C E S S  ---------------

Java Threads: ( => current thread )
  0x00007fa49a8c6000 JavaThread "AWT-Shutdown" [_thread_blocked, id=32263, stack(0x0000000194ca0000,0x0000000194da0000)]
  0x00007fa49a0e5000 JavaThread "DestroyJavaVM" [_thread_blocked, id=6403, stack(0x00000001002b7000,0x00000001003b7000)]
  0x00007fa49b050000 JavaThread "LWJGL Application" [_thread_in_native, id=86019, stack(0x0000000196b9d000,0x0000000196c9d000)]
=>0x00007fa49a870000 JavaThread "AppKit Thread" daemon [_thread_in_native, id=1287, stack(0x00007fff5f9de000,0x00007fff5fa5e000)]
  0x00007fa49b02e800 JavaThread "Service Thread" daemon [_thread_blocked, id=21251, stack(0x0000000191e2d000,0x0000000191f2d000)]
  0x00007fa49a818000 JavaThread "C2 CompilerThread1" daemon [_thread_blocked, id=20739, stack(0x0000000191d2a000,0x0000000191e2a000)]
  0x00007fa49a806000 JavaThread "C2 CompilerThread0" daemon [_thread_blocked, id=20227, stack(0x0000000191c27000,0x0000000191d27000)]
  0x00007fa49b01f800 JavaThread "Signal Dispatcher" daemon [_thread_blocked, id=19715, stack(0x0000000191b24000,0x0000000191c24000)]
  0x00007fa49a017000 JavaThread "Finalizer" daemon [_thread_blocked, id=14595, stack(0x00000001918e2000,0x00000001919e2000)]
  0x00007fa49b01e000 JavaThread "Reference Handler" daemon [_thread_blocked, id=14083, stack(0x00000001917df000,0x00000001918df000)]

Other Threads:
  0x00007fa49b01d800 VMThread [stack: 0x00000001916dc000,0x00000001917dc000] [id=13571]
  0x00007fa49b01f000 WatcherThread [stack: 0x0000000191f30000,0x0000000192030000] [id=21763]

VM state:not at safepoint (normal execution)

VM Mutex/Monitor currently owned by a thread: None

Heap
 PSYoungGen      total 38912K, used 16046K [0x000000015f700000, 0x0000000162200000, 0x000000018a200000)
  eden space 33792K, 47% used [0x000000015f700000,0x00000001606ab9b8,0x0000000161800000)
  from space 5120K, 0% used [0x0000000161d00000,0x0000000161d00000,0x0000000162200000)
  to   space 5120K, 0% used [0x0000000161800000,0x0000000161800000,0x0000000161d00000)
 ParOldGen       total 87040K, used 0K [0x000000010a200000, 0x000000010f700000, 0x000000015f700000)
  object space 87040K, 0% used [0x000000010a200000,0x000000010a200000,0x000000010f700000)
 PSPermGen       total 21504K, used 7946K [0x0000000105000000, 0x0000000106500000, 0x000000010a200000)
  object space 21504K, 36% used [0x0000000105000000,0x00000001057c2bb8,0x0000000106500000)

Card table byte_map: [0x000000018a200000,0x000000018a62a000] byte_map_base: 0x00000001899d8000

Polling page: 0x00000001003f6000

Code Cache  [0x0000000101e5c000, 0x00000001020cc000, 0x0000000104e5c000)
 total_blobs=427 nmethods=67 adapters=314 free_code_cache=48583Kb largest_free_block=49730112

Compilation events (10 events):
Event: 10.157 Thread 0x00007fa49a818000 nmethod 62 0x0000000101eeb850 code [0x0000000101eeba40, 0x0000000101eec1a8]
Event: 10.164 Thread 0x00007fa49a806000 nmethod 61 0x0000000101eecc50 code [0x0000000101eecee0, 0x0000000101eeda00]
Event: 10.683 Thread 0x00007fa49a818000   63             org.lwjgl.MemoryUtil::getAddress0 (10 bytes)
Event: 10.684 Thread 0x00007fa49a818000 nmethod 63 0x0000000101ee8090 code [0x0000000101ee81c0, 0x0000000101ee8238]
Event: 12.470 Thread 0x00007fa49a806000   64             com.badlogic.gdx.graphics.glutils.IndexArray::getBuffer (5 bytes)
Event: 12.470 Thread 0x00007fa49a806000 nmethod 64 0x0000000101ee7e90 code [0x0000000101ee7fc0, 0x0000000101ee8038]
Event: 12.475 Thread 0x00007fa49a818000   66             org.lwjgl.opengl.GLChecks::ensureArrayVBOdisabled (27 bytes)
Event: 12.477 Thread 0x00007fa49a818000 nmethod 66 0x0000000101ee7710 code [0x0000000101ee7860, 0x0000000101ee7958]
Event: 13.622 Thread 0x00007fa49a806000   67             java.nio.HeapByteBuffer::ix (7 bytes)
Event: 13.622 Thread 0x00007fa49a806000 nmethod 67 0x0000000101ee7510 code [0x0000000101ee7640, 0x0000000101ee7698]

GC Heap History (0 events):
No events

Deoptimization events (0 events):
No events

Internal exceptions (10 events):
Event: 3.492 Thread 0x00007fa49b050000 Threw 0x0000000160575dd8 at /HUDSON/workspace/7u-2-build-macosx-x86_64/jdk7u45/229/hotspot/src/share/vm/prims/jvm.cpp:1244
Event: 3.493 Thread 0x00007fa49b050000 Threw 0x000000016057d378 at /HUDSON/workspace/7u-2-build-macosx-x86_64/jdk7u45/229/hotspot/src/share/vm/prims/jvm.cpp:1244
Event: 3.495 Thread 0x00007fa49b050000 Threw 0x000000016059a9e0 at /HUDSON/workspace/7u-2-build-macosx-x86_64/jdk7u45/229/hotspot/src/share/vm/prims/jvm.cpp:1244
Event: 3.496 Thread 0x00007fa49b050000 Threw 0x00000001605b15d0 at /HUDSON/workspace/7u-2-build-macosx-x86_64/jdk7u45/229/hotspot/src/share/vm/prims/jvm.cpp:1244
Event: 3.498 Thread 0x00007fa49b050000 Threw 0x00000001605b7168 at /HUDSON/workspace/7u-2-build-macosx-x86_64/jdk7u45/229/hotspot/src/share/vm/prims/jvm.cpp:1244
Event: 3.500 Thread 0x00007fa49b050000 Threw 0x00000001605f0590 at /HUDSON/workspace/7u-2-build-macosx-x86_64/jdk7u45/229/hotspot/src/share/vm/prims/jvm.cpp:1244
Event: 14.108 Thread 0x00007fa49b050000 Threw 0x000000016067cb38 at /HUDSON/workspace/7u-2-build-macosx-x86_64/jdk7u45/229/hotspot/src/share/vm/prims/jvm.cpp:1244
Event: 14.109 Thread 0x00007fa49b050000 Threw 0x0000000160682390 at /HUDSON/workspace/7u-2-build-macosx-x86_64/jdk7u45/229/hotspot/src/share/vm/prims/jvm.cpp:1244
Event: 14.110 Thread 0x00007fa49b050000 Threw 0x0000000160687e90 at /HUDSON/workspace/7u-2-build-macosx-x86_64/jdk7u45/229/hotspot/src/share/vm/prims/jvm.cpp:1244
Event: 14.117 Thread 0x00007fa49b050000 Threw 0x000000016068e078 at /HUDSON/workspace/7u-2-build-macosx-x86_64/jdk7u45/229/hotspot/src/share/vm/prims/jvm.cpp:1244

Events (10 events):
Event: 14.108 loading class 0x00007fa499f1a8c0
Event: 14.108 loading class 0x00007fa499f1a8c0 done
Event: 14.109 loading class 0x00007fa499f19160
Event: 14.109 loading class 0x00007fa499f19160 done
Event: 14.110 loading class 0x00007fa499f19210
Event: 14.110 loading class 0x00007fa499f19210 done
Event: 14.110 loading class 0x000000018f7f3ce0
Event: 14.110 loading class 0x000000018f7f3ce0 done
Event: 14.117 loading class 0x00007fa499e3da40
Event: 14.117 loading class 0x00007fa499e3da40 done


Dynamic libraries:
0x00000000073d1000 	/System/Library/Frameworks/Cocoa.framework/Versions/A/Cocoa
0x00000000073d1000 	/System/Library/Frameworks/Security.framework/Versions/A/Security
0x00000000073d1000 	/System/Library/Frameworks/ApplicationServices.framework/Versions/A/ApplicationServices
0x00000000073d1000 	/usr/lib/libz.1.dylib
0x00000000073d1000 	/usr/lib/libSystem.B.dylib
0x00000000073d1000 	/usr/lib/libobjc.A.dylib
0x00000000073d1000 	/System/Library/Frameworks/CoreFoundation.framework/Versions/A/CoreFoundation
0x00000000073d1000 	/System/Library/Frameworks/Foundation.framework/Versions/C/Foundation
0x00000000073d1000 	/System/Library/Frameworks/AppKit.framework/Versions/C/AppKit
0x00000000073d1000 	/System/Library/Frameworks/CoreData.framework/Versions/A/CoreData
0x00000000073d1000 	/System/Library/PrivateFrameworks/RemoteViewServices.framework/Versions/A/RemoteViewServices
0x00000000073d1000 	/System/Library/Frameworks/AudioToolbox.framework/Versions/A/AudioToolbox
0x00000000073d1000 	/System/Library/Frameworks/AudioUnit.framework/Versions/A/AudioUnit
0x00000000073d1000 	/System/Library/PrivateFrameworks/DataDetectorsCore.framework/Versions/A/DataDetectorsCore
0x00000000073d1000 	/System/Library/PrivateFrameworks/DesktopServicesPriv.framework/Versions/A/DesktopServicesPriv
0x00000000073d1000 	/System/Library/Frameworks/Carbon.framework/Versions/A/Frameworks/HIToolbox.framework/Versions/A/HIToolbox
0x00000000073d1000 	/System/Library/Frameworks/QuartzCore.framework/Versions/A/QuartzCore
0x00000000073d1000 	/System/Library/Frameworks/Carbon.framework/Versions/A/Frameworks/SpeechRecognition.framework/Versions/A/SpeechRecognition
0x00000000073d1000 	/usr/lib/libauto.dylib
0x00000000073d1000 	/usr/lib/libicucore.A.dylib
0x00000000073d1000 	/usr/lib/libxml2.2.dylib
0x00000000073d1000 	/System/Library/PrivateFrameworks/CoreUI.framework/Versions/A/CoreUI
0x00000000073d1000 	/System/Library/Frameworks/CoreAudio.framework/Versions/A/CoreAudio
0x00000000073d1000 	/System/Library/Frameworks/DiskArbitration.framework/Versions/A/DiskArbitration
0x00000000073d1000 	/usr/lib/liblangid.dylib
0x00000000073d1000 	/System/Library/PrivateFrameworks/MultitouchSupport.framework/Versions/A/MultitouchSupport
0x00000000073d1000 	/System/Library/Frameworks/IOKit.framework/Versions/A/IOKit
0x00000000073d1000 	/usr/lib/libDiagnosticMessagesClient.dylib
0x00000000073d1000 	/System/Library/Frameworks/CoreServices.framework/Versions/A/CoreServices
0x00000000073d1000 	/System/Library/PrivateFrameworks/PerformanceAnalysis.framework/Versions/A/PerformanceAnalysis
0x00000000073d1000 	/System/Library/PrivateFrameworks/GenerationalStorage.framework/Versions/A/GenerationalStorage
0x00000000073d1000 	/System/Library/Frameworks/OpenGL.framework/Versions/A/OpenGL
0x00000000073d1000 	/System/Library/PrivateFrameworks/Sharing.framework/Versions/A/Sharing
0x00000000073d1000 	/System/Library/Frameworks/ImageIO.framework/Versions/A/ImageIO
0x00000000073d1000 	/System/Library/Frameworks/CoreText.framework/Versions/A/CoreText
0x00000000073d1000 	/System/Library/Frameworks/CoreGraphics.framework/Versions/A/CoreGraphics
0x00000000073d1000 	/System/Library/PrivateFrameworks/Backup.framework/Versions/A/Backup
0x00000000073d1000 	/System/Library/Frameworks/CFNetwork.framework/Versions/A/CFNetwork
0x00000000073d1000 	/System/Library/Frameworks/SystemConfiguration.framework/Versions/A/SystemConfiguration
0x00000000073d1000 	/usr/lib/libCRFSuite.dylib
0x00000000073d1000 	/usr/lib/libc++.1.dylib
0x00000000073d1000 	/usr/lib/libc++abi.dylib
0x00000000073d1000 	/usr/lib/system/libcache.dylib
0x00000000073d1000 	/usr/lib/system/libcommonCrypto.dylib
0x00000000073d1000 	/usr/lib/system/libcompiler_rt.dylib
0x00000000073d1000 	/usr/lib/system/libcopyfile.dylib
0x00000000073d1000 	/usr/lib/system/libcorecrypto.dylib
0x00000000073d1000 	/usr/lib/system/libdispatch.dylib
0x00000000073d1000 	/usr/lib/system/libdyld.dylib
0x00000000073d1000 	/usr/lib/system/libkeymgr.dylib
0x00000000073d1000 	/usr/lib/system/liblaunch.dylib
0x00000000073d1000 	/usr/lib/system/libmacho.dylib
0x00000000073d1000 	/usr/lib/system/libquarantine.dylib
0x00000000073d1000 	/usr/lib/system/libremovefile.dylib
0x00000000073d1000 	/usr/lib/system/libsystem_asl.dylib
0x00000000073d1000 	/usr/lib/system/libsystem_blocks.dylib
0x00000000073d1000 	/usr/lib/system/libsystem_c.dylib
0x00000000073d1000 	/usr/lib/system/libsystem_configuration.dylib
0x00000000073d1000 	/usr/lib/system/libsystem_dnssd.dylib
0x00000000073d1000 	/usr/lib/system/libsystem_info.dylib
0x00000000073d1000 	/usr/lib/system/libsystem_kernel.dylib
0x00000000073d1000 	/usr/lib/system/libsystem_m.dylib
0x00000000073d1000 	/usr/lib/system/libsystem_malloc.dylib
0x00000000073d1000 	/usr/lib/system/libsystem_network.dylib
0x00000000073d1000 	/usr/lib/system/libsystem_notify.dylib
0x00000000073d1000 	/usr/lib/system/libsystem_platform.dylib
0x00000000073d1000 	/usr/lib/system/libsystem_pthread.dylib
0x00000000073d1000 	/usr/lib/system/libsystem_sandbox.dylib
0x00000000073d1000 	/usr/lib/system/libsystem_stats.dylib
0x00000000073d1000 	/usr/lib/system/libunc.dylib
0x00000000073d1000 	/usr/lib/system/libunwind.dylib
0x00000000073d1000 	/usr/lib/system/libxpc.dylib
0x00000000073d1000 	/usr/lib/libbsm.0.dylib
0x00000000073d1000 	/usr/lib/libsqlite3.dylib
0x00000000073d1000 	/usr/lib/libxar.1.dylib
0x00000000073d1000 	/usr/lib/libpam.2.dylib
0x00000000073d1000 	/usr/lib/libOpenScriptingUtil.dylib
0x00000000073d1000 	/usr/lib/libbz2.1.0.dylib
0x00000000073d1000 	/System/Library/Frameworks/CoreServices.framework/Versions/A/Frameworks/CarbonCore.framework/Versions/A/CarbonCore
0x00000000073d1000 	/System/Library/Frameworks/CoreServices.framework/Versions/A/Frameworks/Metadata.framework/Versions/A/Metadata
0x00000000073d1000 	/System/Library/Frameworks/CoreServices.framework/Versions/A/Frameworks/OSServices.framework/Versions/A/OSServices
0x00000000073d1000 	/System/Library/Frameworks/CoreServices.framework/Versions/A/Frameworks/SearchKit.framework/Versions/A/SearchKit
0x00000000073d1000 	/System/Library/Frameworks/CoreServices.framework/Versions/A/Frameworks/AE.framework/Versions/A/AE
0x00000000073d1000 	/System/Library/Frameworks/CoreServices.framework/Versions/A/Frameworks/LaunchServices.framework/Versions/A/LaunchServices
0x00000000073d1000 	/System/Library/Frameworks/CoreServices.framework/Versions/A/Frameworks/DictionaryServices.framework/Versions/A/DictionaryServices
0x00000000073d1000 	/System/Library/Frameworks/NetFS.framework/Versions/A/NetFS
0x00000000073d1000 	/usr/lib/system/libkxld.dylib
0x00000000073d1000 	/System/Library/PrivateFrameworks/NetAuth.framework/Versions/A/NetAuth
0x00000000073d1000 	/System/Library/PrivateFrameworks/TCC.framework/Versions/A/TCC
0x00000000073d1000 	/System/Library/Frameworks/OpenDirectory.framework/Versions/A/Frameworks/CFOpenDirectory.framework/Versions/A/CFOpenDirectory
0x00000000073d1000 	/System/Library/Frameworks/ServiceManagement.framework/Versions/A/ServiceManagement
0x00000000073d1000 	/usr/lib/libxslt.1.dylib
0x00000000073d1000 	/System/Library/Frameworks/Carbon.framework/Versions/A/Frameworks/Ink.framework/Versions/A/Ink
0x00000000073d1000 	/System/Library/Frameworks/ApplicationServices.framework/Versions/A/Frameworks/ATS.framework/Versions/A/ATS
0x00000000073d1000 	/System/Library/Frameworks/ApplicationServices.framework/Versions/A/Frameworks/ColorSync.framework/Versions/A/ColorSync
0x00000000073d1000 	/System/Library/Frameworks/ApplicationServices.framework/Versions/A/Frameworks/HIServices.framework/Versions/A/HIServices
0x00000000073d1000 	/System/Library/Frameworks/ApplicationServices.framework/Versions/A/Frameworks/LangAnalysis.framework/Versions/A/LangAnalysis
0x00000000073d1000 	/System/Library/Frameworks/ApplicationServices.framework/Versions/A/Frameworks/PrintCore.framework/Versions/A/PrintCore
0x00000000073d1000 	/System/Library/Frameworks/ApplicationServices.framework/Versions/A/Frameworks/QD.framework/Versions/A/QD
0x00000000073d1000 	/System/Library/Frameworks/ApplicationServices.framework/Versions/A/Frameworks/SpeechSynthesis.framework/Versions/A/SpeechSynthesis
0x00000000073d1000 	/System/Library/Frameworks/IOSurface.framework/Versions/A/IOSurface
0x00000000073d1000 	/System/Library/Frameworks/Accelerate.framework/Versions/A/Accelerate
0x00000000073d1000 	/System/Library/Frameworks/Accelerate.framework/Versions/A/Frameworks/vImage.framework/Versions/A/vImage
0x00000000073d1000 	/System/Library/Frameworks/Accelerate.framework/Versions/A/Frameworks/vecLib.framework/Versions/A/vecLib
0x00000000073d1000 	/System/Library/Frameworks/Accelerate.framework/Versions/A/Frameworks/vecLib.framework/Versions/A/libvDSP.dylib
0x00000000073d1000 	/System/Library/Frameworks/Accelerate.framework/Versions/A/Frameworks/vecLib.framework/Versions/A/libvMisc.dylib
0x00000000073d1000 	/System/Library/Frameworks/Accelerate.framework/Versions/A/Frameworks/vecLib.framework/Versions/A/libLAPACK.dylib
0x00000000073d1000 	/System/Library/Frameworks/Accelerate.framework/Versions/A/Frameworks/vecLib.framework/Versions/A/libBLAS.dylib
0x00000000073d1000 	/System/Library/Frameworks/ApplicationServices.framework/Versions/A/Frameworks/ATS.framework/Versions/A/Resources/libFontParser.dylib
0x00000000073d1000 	/System/Library/Frameworks/ApplicationServices.framework/Versions/A/Frameworks/ATS.framework/Versions/A/Resources/libFontRegistry.dylib
0x00000000073d1000 	/System/Library/Frameworks/ImageIO.framework/Versions/A/Resources/libJPEG.dylib
0x00000000073d1000 	/System/Library/Frameworks/ImageIO.framework/Versions/A/Resources/libTIFF.dylib
0x00000000073d1000 	/System/Library/Frameworks/ImageIO.framework/Versions/A/Resources/libPng.dylib
0x00000000073d1000 	/System/Library/Frameworks/ImageIO.framework/Versions/A/Resources/libGIF.dylib
0x00000000073d1000 	/System/Library/Frameworks/ImageIO.framework/Versions/A/Resources/libJP2.dylib
0x00000000073d1000 	/System/Library/Frameworks/ImageIO.framework/Versions/A/Resources/libRadiance.dylib
0x00000000073d1000 	/usr/lib/libcups.2.dylib
0x00000000073d1000 	/System/Library/Frameworks/Kerberos.framework/Versions/A/Kerberos
0x00000000073d1000 	/System/Library/Frameworks/GSS.framework/Versions/A/GSS
0x00000000073d1000 	/usr/lib/libresolv.9.dylib
0x00000000073d1000 	/usr/lib/libiconv.2.dylib
0x00000000073d1000 	/System/Library/PrivateFrameworks/Heimdal.framework/Versions/A/Heimdal
0x00000000073d1000 	/System/Library/PrivateFrameworks/TrustEvaluationAgent.framework/Versions/A/TrustEvaluationAgent
0x00000000073d1000 	/usr/lib/libheimdal-asn1.dylib
0x00000000073d1000 	/System/Library/Frameworks/OpenDirectory.framework/Versions/A/OpenDirectory
0x00000000073d1000 	/System/Library/PrivateFrameworks/CommonAuth.framework/Versions/A/CommonAuth
0x00000000073d1000 	/System/Library/Frameworks/SecurityFoundation.framework/Versions/A/SecurityFoundation
0x00000000073d1000 	/System/Library/PrivateFrameworks/Bom.framework/Versions/A/Bom
0x00000000073d1000 	/System/Library/Frameworks/CoreVideo.framework/Versions/A/CoreVideo
0x00000000073d1000 	/System/Library/Frameworks/QuartzCore.framework/Versions/A/Frameworks/CoreImage.framework/Versions/A/CoreImage
0x00000000073d1000 	/System/Library/Frameworks/QuartzCore.framework/Versions/A/Frameworks/ScalableUserInterface.framework/Versions/A/ScalableUserInterface
0x00000000073d1000 	/System/Library/Frameworks/OpenGL.framework/Versions/A/Libraries/libGLU.dylib
0x00000000073d1000 	/System/Library/Frameworks/OpenGL.framework/Versions/A/Libraries/libGFXShared.dylib
0x00000000073d1000 	/System/Library/Frameworks/OpenGL.framework/Versions/A/Libraries/libGL.dylib
0x00000000073d1000 	/System/Library/Frameworks/OpenGL.framework/Versions/A/Libraries/libGLImage.dylib
0x00000000073d1000 	/System/Library/Frameworks/OpenGL.framework/Versions/A/Libraries/libCVMSPluginSupport.dylib
0x00000000073d1000 	/System/Library/Frameworks/OpenGL.framework/Versions/A/Libraries/libCoreVMClient.dylib
0x00000000073d1000 	/System/Library/PrivateFrameworks/FaceCore.framework/Versions/A/FaceCore
0x00000000073d1000 	/System/Library/PrivateFrameworks/CrashReporterSupport.framework/Versions/A/CrashReporterSupport
0x00000000073d1000 	/System/Library/Frameworks/OpenCL.framework/Versions/A/OpenCL
0x00000000073d1000 	/System/Library/PrivateFrameworks/AppleFSCompression.framework/Versions/A/AppleFSCompression
0x00000000073d1000 	/System/Library/PrivateFrameworks/Ubiquity.framework/Versions/A/Ubiquity
0x00000000073d1000 	/System/Library/PrivateFrameworks/IconServices.framework/Versions/A/IconServices
0x00000000073d1000 	/System/Library/PrivateFrameworks/ChunkingLibrary.framework/Versions/A/ChunkingLibrary
0x00000000073d1000 	/System/Library/PrivateFrameworks/CoreSymbolication.framework/Versions/A/CoreSymbolication
0x00000000073d1000 	/System/Library/PrivateFrameworks/Symbolication.framework/Versions/A/Symbolication
0x00000000073d1000 	/System/Library/PrivateFrameworks/DebugSymbols.framework/Versions/A/DebugSymbols
0x0000000101400000 	/Library/Java/JavaVirtualMachines/jdk1.7.0_45.jdk/Contents/Home/jre/lib/server/libjvm.dylib
0x00000000073d1000 	/usr/lib/libstdc++.6.dylib
0x00000001003b9000 	/Library/Java/JavaVirtualMachines/jdk1.7.0_45.jdk/Contents/Home/jre/lib/libverify.dylib
0x00000001003c6000 	/Library/Java/JavaVirtualMachines/jdk1.7.0_45.jdk/Contents/Home/jre/lib/libjava.dylib
0x0000000101e53000 	/Library/Java/JavaVirtualMachines/jdk1.7.0_45.jdk/Contents/Home/jre/lib/libzip.dylib
0x00000001919e4000 	/System/Library/Frameworks/JavaVM.framework/Frameworks/JavaRuntimeSupport.framework/JavaRuntimeSupport
0x00000001919fc000 	/System/Library/Frameworks/JavaVM.framework/Versions/A/Frameworks/JavaNativeFoundation.framework/Versions/A/JavaNativeFoundation
0x0000000104f70000 	/System/Library/Frameworks/JavaVM.framework/Versions/A/JavaVM
0x00000000073d1000 	/System/Library/Frameworks/Carbon.framework/Versions/A/Carbon
0x0000000191a11000 	/System/Library/PrivateFrameworks/JavaLaunching.framework/Versions/A/JavaLaunching
0x00000000073d1000 	/System/Library/Frameworks/Carbon.framework/Versions/A/Frameworks/CommonPanels.framework/Versions/A/CommonPanels
0x00000000073d1000 	/System/Library/Frameworks/Carbon.framework/Versions/A/Frameworks/Help.framework/Versions/A/Help
0x00000000073d1000 	/System/Library/Frameworks/Carbon.framework/Versions/A/Frameworks/ImageCapture.framework/Versions/A/ImageCapture
0x00000000073d1000 	/System/Library/Frameworks/Carbon.framework/Versions/A/Frameworks/OpenScripting.framework/Versions/A/OpenScripting
0x00000000073d1000 	/System/Library/Frameworks/Carbon.framework/Versions/A/Frameworks/Print.framework/Versions/A/Print
0x00000000073d1000 	/System/Library/Frameworks/Carbon.framework/Versions/A/Frameworks/SecurityHI.framework/Versions/A/SecurityHI
0x00000001920c0000 	/private/var/folders/d8/_xjxbp410vz5v0_9gsxrvhcw0000gn/T/libgdxPatrick/92bf976d/libgdx.dylib
0x0000000192146000 	/Library/Java/JavaVirtualMachines/jdk1.7.0_45.jdk/Contents/Home/jre/lib/libawt.dylib
0x00000001921f5000 	/Library/Java/JavaVirtualMachines/jdk1.7.0_45.jdk/Contents/Home/jre/lib/./libmlib_image.dylib
0x00000001922c1000 	/Library/Java/JavaVirtualMachines/jdk1.7.0_45.jdk/Contents/Home/jre/lib/lwawt/liblwawt.dylib
0x0000000192375000 	/Library/Java/JavaVirtualMachines/jdk1.7.0_45.jdk/Contents/Home/jre/lib/libosxapp.dylib
0x00000000073d1000 	/System/Library/Frameworks/ExceptionHandling.framework/Versions/A/ExceptionHandling
0x00000000073d1000 	/System/Library/PrivateFrameworks/CoreServicesInternal.framework/Versions/A/CoreServicesInternal
0x00000000073d1000 	/System/Library/PrivateFrameworks/Librarian.framework/Versions/A/Librarian
0x00000000073d1000 	/System/Library/Frameworks/CoreGraphics.framework/Versions/A/Resources/libCGCMS.A.dylib
0x00000000073d1000 	/System/Library/Frameworks/CoreGraphics.framework/Versions/A/Resources/libRIP.A.dylib
0x00000000073d1000 	/System/Library/CoreServices/RawCamera.bundle/Contents/MacOS/RawCamera
0x00000000073d1000 	/System/Library/Frameworks/CoreGraphics.framework/Versions/A/Resources/libCGXType.A.dylib
0x00000000073d1000 	/System/Library/PrivateFrameworks/FamilyControls.framework/Versions/A/FamilyControls
0x00000000073d1000 	/System/Library/PrivateFrameworks/CommerceKit.framework/Versions/A/Frameworks/CommerceCore.framework/Versions/A/CommerceCore
0x00000000073d1000 	/System/Library/PrivateFrameworks/SystemAdministration.framework/Versions/A/SystemAdministration
0x00000000073d1000 	/System/Library/Frameworks/DirectoryService.framework/Versions/A/DirectoryService
0x00000000073d1000 	/System/Library/PrivateFrameworks/DiskImages.framework/Versions/A/DiskImages
0x00000000073d1000 	/System/Library/PrivateFrameworks/LoginUIKit.framework/Versions/A/Frameworks/LoginUICore.framework/Versions/A/LoginUICore
0x00000000073d1000 	/usr/lib/libCoreStorage.dylib
0x00000000073d1000 	/usr/lib/libcsfde.dylib
0x00000000073d1000 	/usr/lib/libodfde.dylib
0x00000000073d1000 	/System/Library/Frameworks/DiscRecording.framework/Versions/A/DiscRecording
0x00000000073d1000 	/usr/lib/libcurl.4.dylib
0x00000000073d1000 	/System/Library/PrivateFrameworks/MediaKit.framework/Versions/A/MediaKit
0x00000000073d1000 	/System/Library/PrivateFrameworks/EFILogin.framework/Versions/A/EFILogin
0x00000000073d1000 	/usr/lib/libutil.dylib
0x00000000073d1000 	/System/Library/PrivateFrameworks/AOSNotification.framework/Versions/A/AOSNotification
0x00000000073d1000 	/System/Library/Frameworks/LDAP.framework/Versions/A/LDAP
0x00000000073d1000 	/usr/lib/libsasl2.2.dylib
0x00000000073d1000 	/usr/lib/libcrypto.0.9.8.dylib
0x00000000073d1000 	/usr/lib/libssl.0.9.8.dylib
0x0000000196763000 	/Library/Java/JavaVirtualMachines/jdk1.7.0_45.jdk/Contents/Home/jre/lib/libfontmanager.dylib
0x00000001967c7000 	/private/var/folders/d8/_xjxbp410vz5v0_9gsxrvhcw0000gn/T/libgdxPatrick/75260a42/liblwjgl.jnilib
0x0000000193e4a000 	/Library/Java/JavaVirtualMachines/jdk1.7.0_45.jdk/Contents/Home/jre/lib/libjawt.dylib
0x0000000196842000 	/var/folders/d8/_xjxbp410vz5v0_9gsxrvhcw0000gn/T/libgdxPatrick/75260a42/openal.dylib
0x000000019689e000 	/System/Library/Components/CoreAudio.component/Contents/MacOS/CoreAudio
0x0000000193e75000 	/System/Library/Extensions/AppleHDA.kext/Contents/PlugIns/AppleHDAHALPlugIn.bundle/Contents/MacOS/AppleHDAHALPlugIn
0x00000000073d1000 	/System/Library/Frameworks/OpenGL.framework/Versions/A/Resources/GLEngine.bundle/GLEngine
0x00000000073d1000 	/System/Library/Frameworks/OpenGL.framework/Versions/A/Libraries/libGLProgrammability.dylib
0x0000000000000000 	/System/Library/Extensions/AMDRadeonX3000GLDriver.bundle/Contents/MacOS/AMDRadeonX3000GLDriver
0x00000000073d1000 	/System/Library/PrivateFrameworks/IOAccelerator.framework/Versions/A/IOAccelerator
0x00000000073d1000 	/System/Library/PrivateFrameworks/GPUSupport.framework/Versions/A/Libraries/libGPUSupportMercury.dylib
0x0000000000000000 	/System/Library/Extensions/AppleIntelHD3000GraphicsGLDriver.bundle/Contents/MacOS/AppleIntelHD3000GraphicsGLDriver
0x0000000193e7f000 	/System/Library/PrivateFrameworks/GPUSupport.framework/Versions/A/Libraries/libGPUSupport.dylib
0x00000000073d1000 	/System/Library/Frameworks/OpenGL.framework/Versions/A/Resources/GLRendererFloat.bundle/GLRendererFloat
0x00000000073d1000 	/System/Library/Frameworks/OpenCL.framework/Versions/A/Libraries/libcldcpuengine.dylib

VM Arguments:
jvm_args: -Dfile.encoding=US-ASCII 
java_command: com.petree.DragonWings.Main
Launcher Type: SUN_STANDARD

Environment Variables:
PATH=/usr/bin:/bin:/usr/sbin:/sbin
SHELL=/bin/bash

Signal Handlers:
SIGSEGV: [libjvm.dylib+0x525415], sa_mask[0]=0xfffefeff, sa_flags=0x00000043
SIGBUS: [libjvm.dylib+0x525415], sa_mask[0]=0xfffefeff, sa_flags=0x00000042
SIGFPE: [libjvm.dylib+0x41891a], sa_mask[0]=0xfffefeff, sa_flags=0x00000042
SIGPIPE: [libjvm.dylib+0x41891a], sa_mask[0]=0xfffefeff, sa_flags=0x00000042
SIGXFSZ: [libjvm.dylib+0x41891a], sa_mask[0]=0xfffefeff, sa_flags=0x00000042
SIGILL: [libjvm.dylib+0x41891a], sa_mask[0]=0xfffefeff, sa_flags=0x00000042
SIGUSR1: SIG_DFL, sa_mask[0]=0x00000000, sa_flags=0x00000002
SIGUSR2: [libjvm.dylib+0x41840c], sa_mask[0]=0x00000004, sa_flags=0x00000042
SIGHUP: [libjvm.dylib+0x41669b], sa_mask[0]=0xfffefeff, sa_flags=0x00000042
SIGINT: [libjvm.dylib+0x41669b], sa_mask[0]=0xfffefeff, sa_flags=0x00000042
SIGTERM: [libjvm.dylib+0x41669b], sa_mask[0]=0xfffefeff, sa_flags=0x00000042
SIGQUIT: [libjvm.dylib+0x41669b], sa_mask[0]=0xfffefeff, sa_flags=0x00000042


---------------  S Y S T E M  ---------------

OS:Bsduname:Darwin 13.0.0 Darwin Kernel Version 13.0.0: Thu Sep 19 22:22:27 PDT 2013; root:xnu-2422.1.72~6/RELEASE_X86_64 x86_64
rlimit: STACK 8192k, CORE 0k, NPROC 709, NOFILE 10240, AS infinity
load average:1.60 1.65 1.83

CPU:total 8 (4 cores per cpu, 2 threads per core) family 6 model 42 stepping 7, cmov, cx8, fxsr, mmx, sse, sse2, sse3, ssse3, sse4.1, sse4.2, popcnt, avx, aes, ht, tsc, tscinvbit

Memory: 4k page, physical 8388608k(2097152k free)

/proc/meminfo:


vm_info: Java HotSpot(TM) 64-Bit Server VM (24.45-b08) for bsd-amd64 JRE (1.7.0_45-b18), built on Oct  8 2013 05:54:16 by "java_re" with gcc 4.2.1 (Based on Apple Inc. build 5658) (LLVM build 2336.11.00)

time: Tue Mar  4 20:04:37 2014
elapsed time: 14 seconds

