#
# A fatal error has been detected by the Java Runtime Environment:
#
#  SIGSEGV (0xb) at pc=0x00007fff840d6097, pid=517, tid=1287
#
# JRE version: Java(TM) SE Runtime Environment (7.0_45-b18) (build 1.7.0_45-b18)
# Java VM: Java HotSpot(TM) 64-Bit Server VM (24.45-b08 mixed mode bsd-amd64 compressed oops)
# Problematic frame:
# C  [libobjc.A.dylib+0x5097]  objc_msgSend+0x17
#
# Failed to write core dump. Core dumps have been disabled. To enable core dumping, try "ulimit -c unlimited" before starting Java again
#
# If you would like to submit a bug report, please visit:
#   http://bugreport.sun.com/bugreport/crash.jsp
# The crash happened outside the Java Virtual Machine in native code.
# See problematic frame for where to report the bug.
#

---------------  T H R E A D  ---------------

Current thread (0x00007fdc940cf800):  JavaThread "AppKit Thread" daemon [_thread_in_native, id=1287, stack(0x00007fff520d7000,0x00007fff52157000)]

siginfo:si_signo=SIGSEGV: si_errno=0, si_code=0 (SEGV0), si_addr=0x0000000000000000

Registers:
RAX=0x8a00cb233529ece1, RBX=0x00007fdc93c57340, RCX=0x00007fdc940090d0, RDX=0x00000000a1a1a1a1
RSP=0x00007fff52150b48, RBP=0x00007fff52150b70, RSI=0x00007fff83b0ad36, RDI=0x00007fdc93c57340
R8 =0x0000000000000006, R9 =0x00007fdc93c86a40, R10=0x00007fff83b0ad36, R11=0xe00007fdc93c5762
R12=0x00007fdc93c7e710, R13=0x00007fdc93f1b000, R14=0x00007fdc93c7e700, R15=0x0000000000000090
RIP=0x00007fff840d6097, EFLAGS=0x0000000000010246, ERR=0x0000000000000000
  TRAPNO=0x000000000000000d

Top of Stack: (sp=0x00007fff52150b48)
0x00007fff52150b48:   000000011edef67e 00007fdc93c7e710
0x00007fff52150b58:   000000011ee21b98 00007fdc93d1ee20
0x00007fff52150b68:   0000000000000094 00007fff52151050
0x00007fff52150b78:   00007fff831e8e12 0000000000000000
0x00007fff52150b88:   0000000000000000 4079000000000000
0x00007fff52150b98:   4086380000000000 0000000000000000
0x00007fff52150ba8:   0000000000000000 4079000000000000
0x00007fff52150bb8:   4086380000000000 00007fff840d61c4
0x00007fff52150bc8:   00007fdc93c80af0 00007fff52150c50
0x00007fff52150bd8:   00007fdc93d1ee20 401c000000000000
0x00007fff52150be8:   00007fff83ace1db 002c000000000001
0x00007fff52150bf8:   4030000000000000 401c000000000000
0x00007fff52150c08:   4086500000000000 00007fdc93c4ad40
0x00007fff52150c18:   4030000000000000 00007fdc93c80af0
0x00007fff52150c28:   0000000000000000 00007fdc93c7e710
0x00007fff52150c38:   0000000000000000 00007fff52150d01
0x00007fff52150c48:   00007fff52150db0 00007fff52150da0
0x00007fff52150c58:   00007fff832cd82a 00007fff52150da0
0x00007fff52150c68:   00007fff832ce259 402c000000000000
0x00007fff52150c78:   4030000000000000 401c000000000000
0x00007fff52150c88:   4086500000000000 402c000000000000
0x00007fff52150c98:   4030000000000000 0000000000000000
0x00007fff52150ca8:   0000000000000000 4079000000000000
0x00007fff52150cb8:   4086e80000000000 401c000000000000
0x00007fff52150cc8:   4086500000000000 402c000000000000
0x00007fff52150cd8:   4030000000000000 0000000000000000
0x00007fff52150ce8:   0000000000000000 00007fdc93f3dc60
0x00007fff52150cf8:   000000010dac8200 00007fff52150da0
0x00007fff52150d08:   00007fff8bf811ae 00007fdc93f3d920
0x00007fff52150d18:   00007fdc93ffc080 00007fff52150dc0
0x00007fff52150d28:   00000000000003dd 000000000003f130
0x00007fff52150d38:   00000000000000b0 00007fdc00000000 

Instructions: (pc=0x00007fff840d6097)
0x00007fff840d6077:   90 90 90 90 90 90 90 90 90 48 85 ff 2e 74 72 40
0x00007fff840d6087:   f6 c7 01 2e 0f 85 7e 00 00 00 4c 8b 1f 49 89 f2
0x00007fff840d6097:   45 23 53 18 49 c1 e2 04 4d 03 53 10 49 3b 32 75
0x00007fff840d60a7:   04 41 ff 62 08 49 83 3a 00 74 74 4d 3b 53 10 74 

Register to memory mapping:

RAX=0x8a00cb233529ece1 is an unknown value
RBX=0x00007fdc93c57340 is an unknown value
RCX=0x00007fdc940090d0 is an unknown value
RDX=0x00000000a1a1a1a1 is an unknown value
RSP=0x00007fff52150b48 is pointing into the stack for thread: 0x00007fdc940cf800
RBP=0x00007fff52150b70 is pointing into the stack for thread: 0x00007fdc940cf800
RSI=0x00007fff83b0ad36: NSAppKitVersionNumber+0x534f6 in /System/Library/Frameworks/AppKit.framework/Versions/C/AppKit at 0x00007fff83069000
RDI=0x00007fdc93c57340 is an unknown value
R8 =0x0000000000000006 is an unknown value
R9 =0x00007fdc93c86a40 is an unknown value
R10=0x00007fff83b0ad36: NSAppKitVersionNumber+0x534f6 in /System/Library/Frameworks/AppKit.framework/Versions/C/AppKit at 0x00007fff83069000
R11=0xe00007fdc93c5762 is an unknown value
R12=0x00007fdc93c7e710 is an unknown value
R13=0x00007fdc93f1b000 is an unknown value
R14=0x00007fdc93c7e700 is an unknown value
R15=0x0000000000000090 is an unknown value


Stack: [0x00007fff520d7000,0x00007fff52157000],  sp=0x00007fff52150b48,  free space=486k
Native frames: (J=compiled Java code, j=interpreted, Vv=VM code, C=native code)
C  [libobjc.A.dylib+0x5097]  objc_msgSend+0x17
C  [AppKit+0x17fe12]  -[NSView _recursiveDisplayRectIfNeededIgnoringOpacity:isVisibleRect:rectIsVisibleRectForView:topView:]+0x70b
C  [AppKit+0x180f0e]  -[NSView _recursiveDisplayRectIfNeededIgnoringOpacity:isVisibleRect:rectIsVisibleRectForView:topView:]+0x1807
C  [AppKit+0x17f201]  -[NSThemeFrame _recursiveDisplayRectIfNeededIgnoringOpacity:isVisibleRect:rectIsVisibleRectForView:topView:]+0x13a
C  [AppKit+0x17c209]  -[NSView _displayRectIgnoringOpacity:isVisibleRect:rectIsVisibleRectForView:]+0xb0c
C  [AppKit+0x15b63a]  -[NSView displayIfNeeded]+0x690
C  [AppKit+0x1c089e]  _handleWindowNeedsDisplayOrLayoutOrUpdateConstraints+0x374
C  [Foundation+0x65094]  __NSFireTimer+0x60
C  [CoreFoundation+0xb5724]  __CFRUNLOOP_IS_CALLING_OUT_TO_A_TIMER_CALLBACK_FUNCTION__+0x14
C  [CoreFoundation+0xb525f]  __CFRunLoopDoTimer+0x47f
C  [CoreFoundation+0x12676a]  __CFRunLoopDoTimers+0x12a
C  [CoreFoundation+0x70aa5]  __CFRunLoopRun+0x5f5
C  [CoreFoundation+0x70275]  CFRunLoopRunSpecific+0x135
C  [HIToolbox+0x2ef0d]  RunCurrentEventLoopInMode+0xe2
C  [HIToolbox+0x2ecb7]  ReceiveNextEventCommon+0x1df
C  [HIToolbox+0x2eabc]  _BlockUntilNextEventMatchingListInModeWithFilter+0x41
C  [AppKit+0x2428e]  _DPSNextEvent+0x59a
C  [AppKit+0x238db]  -[NSApplication nextEventMatchingMask:untilDate:inMode:dequeue:]+0x7a
C  [libosxapp.dylib+0x16f4]  -[NSApplicationAWT nextEventMatchingMask:untilDate:inMode:dequeue:]+0x7c
C  [AppKit+0x179cc]  -[NSApplication run]+0x229
C  [libosxapp.dylib+0x1557]  +[NSApplicationAWT runAWTLoopWithApp:]+0x9c
C  [liblwawt.dylib+0xdba9]  -[AWTStarter starter:]+0x369
C  [Foundation+0x640de]  __NSThreadPerformPerform+0xe5
C  [CoreFoundation+0x7f8f1]  __CFRUNLOOP_IS_CALLING_OUT_TO_A_SOURCE0_PERFORM_FUNCTION__+0x11
C  [CoreFoundation+0x71062]  __CFRunLoopDoSources0+0xf2
C  [CoreFoundation+0x707ef]  __CFRunLoopRun+0x33f
C  [CoreFoundation+0x70275]  CFRunLoopRunSpecific+0x135
C  [java+0x73b0]  CreateExecutionEnvironment+0x367
C  [java+0x1b5c]  JLI_Launch+0x7a0
C  [java+0x770d]  main+0x65
C  [java+0x13b4]  start+0x34


---------------  P R O C E S S  ---------------

Java Threads: ( => current thread )
  0x00007fdc950ff000 JavaThread "AWT-Shutdown" [_thread_blocked, id=29967, stack(0x000000011c1a1000,0x000000011c2a1000)]
  0x00007fdc9493e800 JavaThread "DestroyJavaVM" [_thread_blocked, id=6403, stack(0x000000010f654000,0x000000010f754000)]
  0x00007fdc9505b800 JavaThread "LWJGL Application" [_thread_in_native, id=86531, stack(0x000000011f1d8000,0x000000011f2d8000)]
=>0x00007fdc940cf800 JavaThread "AppKit Thread" daemon [_thread_in_native, id=1287, stack(0x00007fff520d7000,0x00007fff52157000)]
  0x00007fdc9404e000 JavaThread "Service Thread" daemon [_thread_blocked, id=21251, stack(0x000000011a4b4000,0x000000011a5b4000)]
  0x00007fdc9404d000 JavaThread "C2 CompilerThread1" daemon [_thread_blocked, id=20739, stack(0x000000011a3b1000,0x000000011a4b1000)]
  0x00007fdc94811000 JavaThread "C2 CompilerThread0" daemon [_thread_blocked, id=20227, stack(0x000000011a2ae000,0x000000011a3ae000)]
  0x00007fdc94045000 JavaThread "Signal Dispatcher" daemon [_thread_blocked, id=19715, stack(0x000000011a1ab000,0x000000011a2ab000)]
  0x00007fdc95810800 JavaThread "Finalizer" daemon [_thread_blocked, id=14595, stack(0x0000000119f5c000,0x000000011a05c000)]
  0x00007fdc94807800 JavaThread "Reference Handler" daemon [_thread_blocked, id=14083, stack(0x0000000119e59000,0x0000000119f59000)]

Other Threads:
  0x00007fdc9402d000 VMThread [stack: 0x0000000119d56000,0x0000000119e56000] [id=13571]
  0x00007fdc94032800 WatcherThread [stack: 0x000000011a5b7000,0x000000011a6b7000] [id=21763]

VM state:not at safepoint (normal execution)

VM Mutex/Monitor currently owned by a thread: None

Heap
 PSYoungGen      total 38912K, used 13243K [0x00000007d5500000, 0x00000007d8000000, 0x0000000800000000)
  eden space 33792K, 39% used [0x00000007d5500000,0x00000007d61eeff8,0x00000007d7600000)
  from space 5120K, 0% used [0x00000007d7b00000,0x00000007d7b00000,0x00000007d8000000)
  to   space 5120K, 0% used [0x00000007d7600000,0x00000007d7600000,0x00000007d7b00000)
 ParOldGen       total 87040K, used 0K [0x0000000780000000, 0x0000000785500000, 0x00000007d5500000)
  object space 87040K, 0% used [0x0000000780000000,0x0000000780000000,0x0000000785500000)
 PSPermGen       total 21504K, used 6125K [0x000000077ae00000, 0x000000077c300000, 0x0000000780000000)
  object space 21504K, 28% used [0x000000077ae00000,0x000000077b3fb4d8,0x000000077c300000)

Card table byte_map: [0x0000000112827000,0x0000000112c51000] byte_map_base: 0x000000010ec50000

Polling page: 0x000000010dbfa000

Code Cache  [0x000000010f767000, 0x000000010f9d7000, 0x0000000112767000)
 total_blobs=428 nmethods=81 adapters=302 free_code_cache=48596Kb largest_free_block=49743808

Compilation events (10 events):
Event: 24.970 Thread 0x00007fdc94811000 nmethod 76 0x000000010f7eb810 code [0x000000010f7eb940, 0x000000010f7eb9b8]
Event: 24.970 Thread 0x00007fdc9404d000 nmethod 75 0x000000010f7eb510 code [0x000000010f7eb660, 0x000000010f7eb6f8]
Event: 26.188 Thread 0x00007fdc94811000   77             java.nio.ByteOrder::nativeOrder (4 bytes)
Event: 26.188 Thread 0x00007fdc94811000 nmethod 77 0x000000010f7eb310 code [0x000000010f7eb440, 0x000000010f7eb498]
Event: 26.456 Thread 0x00007fdc9404d000   78             org.lwjgl.BufferChecks::checkDirect (24 bytes)
Event: 26.456 Thread 0x00007fdc9404d000 nmethod 78 0x000000010f7eb110 code [0x000000010f7eb240, 0x000000010f7eb298]
Event: 28.941 Thread 0x00007fdc94811000   79             com.badlogic.gdx.graphics.glutils.IndexArray::getBuffer (5 bytes)
Event: 28.941 Thread 0x00007fdc94811000 nmethod 79 0x000000010f7f2d90 code [0x000000010f7f2ec0, 0x000000010f7f2f38]
Event: 28.943 Thread 0x00007fdc9404d000   81             org.lwjgl.opengl.GLChecks::ensureArrayVBOdisabled (27 bytes)
Event: 28.944 Thread 0x00007fdc9404d000 nmethod 81 0x000000010f7f1190 code [0x000000010f7f12e0, 0x000000010f7f13d8]

GC Heap History (0 events):
No events

Deoptimization events (0 events):
No events

Internal exceptions (10 events):
Event: 0.733 Thread 0x00007fdc9505b800 Threw 0x00000007d5ff5f38 at /HUDSON/workspace/7u-2-build-macosx-x86_64/jdk7u45/229/hotspot/src/share/vm/prims/jvm.cpp:1244
Event: 0.754 Thread 0x00007fdc9505b800 Threw 0x00000007d6003d50 at /HUDSON/workspace/7u-2-build-macosx-x86_64/jdk7u45/229/hotspot/src/share/vm/prims/jvm.cpp:1244
Event: 0.755 Thread 0x00007fdc9505b800 Threw 0x00000007d60093b0 at /HUDSON/workspace/7u-2-build-macosx-x86_64/jdk7u45/229/hotspot/src/share/vm/prims/jvm.cpp:1244
Event: 0.762 Thread 0x00007fdc9505b800 Threw 0x00000007d600ee30 at /HUDSON/workspace/7u-2-build-macosx-x86_64/jdk7u45/229/hotspot/src/share/vm/prims/jvm.cpp:1244
Event: 0.763 Thread 0x00007fdc9505b800 Threw 0x00000007d6014808 at /HUDSON/workspace/7u-2-build-macosx-x86_64/jdk7u45/229/hotspot/src/share/vm/prims/jvm.cpp:1244
Event: 1.196 Thread 0x00007fdc9505b800 Threw 0x00000007d6019938 at /HUDSON/workspace/7u-2-build-macosx-x86_64/jdk7u45/229/hotspot/src/share/vm/prims/jvm.cpp:1244
Event: 1.198 Thread 0x00007fdc9505b800 Threw 0x00000007d6032240 at /HUDSON/workspace/7u-2-build-macosx-x86_64/jdk7u45/229/hotspot/src/share/vm/prims/jvm.cpp:1244
Event: 30.544 Thread 0x00007fdc9505b800 Threw 0x00000007d619acb0 at /HUDSON/workspace/7u-2-build-macosx-x86_64/jdk7u45/229/hotspot/src/share/vm/prims/jvm.cpp:1244
Event: 30.545 Thread 0x00007fdc9505b800 Threw 0x00000007d61a0128 at /HUDSON/workspace/7u-2-build-macosx-x86_64/jdk7u45/229/hotspot/src/share/vm/prims/jvm.cpp:1244
Event: 30.545 Thread 0x00007fdc9505b800 Threw 0x00000007d61a5998 at /HUDSON/workspace/7u-2-build-macosx-x86_64/jdk7u45/229/hotspot/src/share/vm/prims/jvm.cpp:1244

Events (10 events):
Event: 30.544 loading class 0x00007fdc93e0d160
Event: 30.544 loading class 0x00007fdc93e0d160 done
Event: 30.545 loading class 0x00007fdc93e0bb50
Event: 30.545 loading class 0x00007fdc93e0bb50 done
Event: 30.545 loading class 0x00007fdc93e0bc00
Event: 30.545 loading class 0x00007fdc93e0bc00 done
Event: 30.546 loading class 0x0000000117e6dce0
Event: 30.546 loading class 0x0000000117e6dce0 done
Event: 30.551 loading class 0x00007fdc93c4c700
Event: 30.551 loading class 0x00007fdc93c4c700 done


Dynamic libraries:
0x00000000024e9000 	/System/Library/Frameworks/Cocoa.framework/Versions/A/Cocoa
0x00000000024e9000 	/System/Library/Frameworks/Security.framework/Versions/A/Security
0x00000000024e9000 	/System/Library/Frameworks/ApplicationServices.framework/Versions/A/ApplicationServices
0x00000000024e9000 	/usr/lib/libz.1.dylib
0x00000000024e9000 	/usr/lib/libSystem.B.dylib
0x00000000024e9000 	/usr/lib/libobjc.A.dylib
0x00000000024e9000 	/System/Library/Frameworks/CoreFoundation.framework/Versions/A/CoreFoundation
0x00000000024e9000 	/System/Library/Frameworks/Foundation.framework/Versions/C/Foundation
0x00000000024e9000 	/System/Library/Frameworks/AppKit.framework/Versions/C/AppKit
0x00000000024e9000 	/System/Library/Frameworks/CoreData.framework/Versions/A/CoreData
0x00000000024e9000 	/System/Library/PrivateFrameworks/RemoteViewServices.framework/Versions/A/RemoteViewServices
0x00000000024e9000 	/System/Library/Frameworks/AudioToolbox.framework/Versions/A/AudioToolbox
0x00000000024e9000 	/System/Library/Frameworks/AudioUnit.framework/Versions/A/AudioUnit
0x00000000024e9000 	/System/Library/PrivateFrameworks/DataDetectorsCore.framework/Versions/A/DataDetectorsCore
0x00000000024e9000 	/System/Library/PrivateFrameworks/DesktopServicesPriv.framework/Versions/A/DesktopServicesPriv
0x00000000024e9000 	/System/Library/Frameworks/Carbon.framework/Versions/A/Frameworks/HIToolbox.framework/Versions/A/HIToolbox
0x00000000024e9000 	/System/Library/Frameworks/QuartzCore.framework/Versions/A/QuartzCore
0x00000000024e9000 	/System/Library/Frameworks/Carbon.framework/Versions/A/Frameworks/SpeechRecognition.framework/Versions/A/SpeechRecognition
0x00000000024e9000 	/usr/lib/libauto.dylib
0x00000000024e9000 	/usr/lib/libicucore.A.dylib
0x00000000024e9000 	/usr/lib/libxml2.2.dylib
0x00000000024e9000 	/System/Library/PrivateFrameworks/CoreUI.framework/Versions/A/CoreUI
0x00000000024e9000 	/System/Library/Frameworks/CoreAudio.framework/Versions/A/CoreAudio
0x00000000024e9000 	/System/Library/Frameworks/DiskArbitration.framework/Versions/A/DiskArbitration
0x00000000024e9000 	/usr/lib/liblangid.dylib
0x00000000024e9000 	/System/Library/PrivateFrameworks/MultitouchSupport.framework/Versions/A/MultitouchSupport
0x00000000024e9000 	/System/Library/Frameworks/IOKit.framework/Versions/A/IOKit
0x00000000024e9000 	/usr/lib/libDiagnosticMessagesClient.dylib
0x00000000024e9000 	/System/Library/Frameworks/CoreServices.framework/Versions/A/CoreServices
0x00000000024e9000 	/System/Library/PrivateFrameworks/PerformanceAnalysis.framework/Versions/A/PerformanceAnalysis
0x00000000024e9000 	/System/Library/PrivateFrameworks/GenerationalStorage.framework/Versions/A/GenerationalStorage
0x00000000024e9000 	/System/Library/Frameworks/OpenGL.framework/Versions/A/OpenGL
0x00000000024e9000 	/System/Library/PrivateFrameworks/Sharing.framework/Versions/A/Sharing
0x00000000024e9000 	/System/Library/Frameworks/ImageIO.framework/Versions/A/ImageIO
0x00000000024e9000 	/System/Library/Frameworks/CoreText.framework/Versions/A/CoreText
0x00000000024e9000 	/System/Library/Frameworks/CoreGraphics.framework/Versions/A/CoreGraphics
0x00000000024e9000 	/System/Library/PrivateFrameworks/Backup.framework/Versions/A/Backup
0x00000000024e9000 	/System/Library/Frameworks/CFNetwork.framework/Versions/A/CFNetwork
0x00000000024e9000 	/System/Library/Frameworks/SystemConfiguration.framework/Versions/A/SystemConfiguration
0x00000000024e9000 	/usr/lib/libCRFSuite.dylib
0x00000000024e9000 	/usr/lib/libc++.1.dylib
0x00000000024e9000 	/usr/lib/libc++abi.dylib
0x00000000024e9000 	/usr/lib/system/libcache.dylib
0x00000000024e9000 	/usr/lib/system/libcommonCrypto.dylib
0x00000000024e9000 	/usr/lib/system/libcompiler_rt.dylib
0x00000000024e9000 	/usr/lib/system/libcopyfile.dylib
0x00000000024e9000 	/usr/lib/system/libcorecrypto.dylib
0x00000000024e9000 	/usr/lib/system/libdispatch.dylib
0x00000000024e9000 	/usr/lib/system/libdyld.dylib
0x00000000024e9000 	/usr/lib/system/libkeymgr.dylib
0x00000000024e9000 	/usr/lib/system/liblaunch.dylib
0x00000000024e9000 	/usr/lib/system/libmacho.dylib
0x00000000024e9000 	/usr/lib/system/libquarantine.dylib
0x00000000024e9000 	/usr/lib/system/libremovefile.dylib
0x00000000024e9000 	/usr/lib/system/libsystem_asl.dylib
0x00000000024e9000 	/usr/lib/system/libsystem_blocks.dylib
0x00000000024e9000 	/usr/lib/system/libsystem_c.dylib
0x00000000024e9000 	/usr/lib/system/libsystem_configuration.dylib
0x00000000024e9000 	/usr/lib/system/libsystem_dnssd.dylib
0x00000000024e9000 	/usr/lib/system/libsystem_info.dylib
0x00000000024e9000 	/usr/lib/system/libsystem_kernel.dylib
0x00000000024e9000 	/usr/lib/system/libsystem_m.dylib
0x00000000024e9000 	/usr/lib/system/libsystem_malloc.dylib
0x00000000024e9000 	/usr/lib/system/libsystem_network.dylib
0x00000000024e9000 	/usr/lib/system/libsystem_notify.dylib
0x00000000024e9000 	/usr/lib/system/libsystem_platform.dylib
0x00000000024e9000 	/usr/lib/system/libsystem_pthread.dylib
0x00000000024e9000 	/usr/lib/system/libsystem_sandbox.dylib
0x00000000024e9000 	/usr/lib/system/libsystem_stats.dylib
0x00000000024e9000 	/usr/lib/system/libunc.dylib
0x00000000024e9000 	/usr/lib/system/libunwind.dylib
0x00000000024e9000 	/usr/lib/system/libxpc.dylib
0x00000000024e9000 	/usr/lib/libbsm.0.dylib
0x00000000024e9000 	/usr/lib/libsqlite3.dylib
0x00000000024e9000 	/usr/lib/libxar.1.dylib
0x00000000024e9000 	/usr/lib/libpam.2.dylib
0x00000000024e9000 	/usr/lib/libOpenScriptingUtil.dylib
0x00000000024e9000 	/usr/lib/libbz2.1.0.dylib
0x00000000024e9000 	/System/Library/Frameworks/CoreServices.framework/Versions/A/Frameworks/CarbonCore.framework/Versions/A/CarbonCore
0x00000000024e9000 	/System/Library/Frameworks/CoreServices.framework/Versions/A/Frameworks/Metadata.framework/Versions/A/Metadata
0x00000000024e9000 	/System/Library/Frameworks/CoreServices.framework/Versions/A/Frameworks/OSServices.framework/Versions/A/OSServices
0x00000000024e9000 	/System/Library/Frameworks/CoreServices.framework/Versions/A/Frameworks/SearchKit.framework/Versions/A/SearchKit
0x00000000024e9000 	/System/Library/Frameworks/CoreServices.framework/Versions/A/Frameworks/AE.framework/Versions/A/AE
0x00000000024e9000 	/System/Library/Frameworks/CoreServices.framework/Versions/A/Frameworks/LaunchServices.framework/Versions/A/LaunchServices
0x00000000024e9000 	/System/Library/Frameworks/CoreServices.framework/Versions/A/Frameworks/DictionaryServices.framework/Versions/A/DictionaryServices
0x00000000024e9000 	/System/Library/Frameworks/NetFS.framework/Versions/A/NetFS
0x00000000024e9000 	/usr/lib/system/libkxld.dylib
0x00000000024e9000 	/System/Library/PrivateFrameworks/NetAuth.framework/Versions/A/NetAuth
0x00000000024e9000 	/System/Library/PrivateFrameworks/TCC.framework/Versions/A/TCC
0x00000000024e9000 	/System/Library/Frameworks/OpenDirectory.framework/Versions/A/Frameworks/CFOpenDirectory.framework/Versions/A/CFOpenDirectory
0x00000000024e9000 	/System/Library/Frameworks/ServiceManagement.framework/Versions/A/ServiceManagement
0x00000000024e9000 	/usr/lib/libxslt.1.dylib
0x00000000024e9000 	/System/Library/Frameworks/Carbon.framework/Versions/A/Frameworks/Ink.framework/Versions/A/Ink
0x00000000024e9000 	/System/Library/Frameworks/ApplicationServices.framework/Versions/A/Frameworks/ATS.framework/Versions/A/ATS
0x00000000024e9000 	/System/Library/Frameworks/ApplicationServices.framework/Versions/A/Frameworks/ColorSync.framework/Versions/A/ColorSync
0x00000000024e9000 	/System/Library/Frameworks/ApplicationServices.framework/Versions/A/Frameworks/HIServices.framework/Versions/A/HIServices
0x00000000024e9000 	/System/Library/Frameworks/ApplicationServices.framework/Versions/A/Frameworks/LangAnalysis.framework/Versions/A/LangAnalysis
0x00000000024e9000 	/System/Library/Frameworks/ApplicationServices.framework/Versions/A/Frameworks/PrintCore.framework/Versions/A/PrintCore
0x00000000024e9000 	/System/Library/Frameworks/ApplicationServices.framework/Versions/A/Frameworks/QD.framework/Versions/A/QD
0x00000000024e9000 	/System/Library/Frameworks/ApplicationServices.framework/Versions/A/Frameworks/SpeechSynthesis.framework/Versions/A/SpeechSynthesis
0x00000000024e9000 	/System/Library/Frameworks/IOSurface.framework/Versions/A/IOSurface
0x00000000024e9000 	/System/Library/Frameworks/Accelerate.framework/Versions/A/Accelerate
0x00000000024e9000 	/System/Library/Frameworks/Accelerate.framework/Versions/A/Frameworks/vImage.framework/Versions/A/vImage
0x00000000024e9000 	/System/Library/Frameworks/Accelerate.framework/Versions/A/Frameworks/vecLib.framework/Versions/A/vecLib
0x00000000024e9000 	/System/Library/Frameworks/Accelerate.framework/Versions/A/Frameworks/vecLib.framework/Versions/A/libvDSP.dylib
0x00000000024e9000 	/System/Library/Frameworks/Accelerate.framework/Versions/A/Frameworks/vecLib.framework/Versions/A/libvMisc.dylib
0x00000000024e9000 	/System/Library/Frameworks/Accelerate.framework/Versions/A/Frameworks/vecLib.framework/Versions/A/libLAPACK.dylib
0x00000000024e9000 	/System/Library/Frameworks/Accelerate.framework/Versions/A/Frameworks/vecLib.framework/Versions/A/libBLAS.dylib
0x00000000024e9000 	/System/Library/Frameworks/ApplicationServices.framework/Versions/A/Frameworks/ATS.framework/Versions/A/Resources/libFontParser.dylib
0x00000000024e9000 	/System/Library/Frameworks/ApplicationServices.framework/Versions/A/Frameworks/ATS.framework/Versions/A/Resources/libFontRegistry.dylib
0x00000000024e9000 	/System/Library/Frameworks/ImageIO.framework/Versions/A/Resources/libJPEG.dylib
0x00000000024e9000 	/System/Library/Frameworks/ImageIO.framework/Versions/A/Resources/libTIFF.dylib
0x00000000024e9000 	/System/Library/Frameworks/ImageIO.framework/Versions/A/Resources/libPng.dylib
0x00000000024e9000 	/System/Library/Frameworks/ImageIO.framework/Versions/A/Resources/libGIF.dylib
0x00000000024e9000 	/System/Library/Frameworks/ImageIO.framework/Versions/A/Resources/libJP2.dylib
0x00000000024e9000 	/System/Library/Frameworks/ImageIO.framework/Versions/A/Resources/libRadiance.dylib
0x00000000024e9000 	/usr/lib/libcups.2.dylib
0x00000000024e9000 	/System/Library/Frameworks/Kerberos.framework/Versions/A/Kerberos
0x00000000024e9000 	/System/Library/Frameworks/GSS.framework/Versions/A/GSS
0x00000000024e9000 	/usr/lib/libresolv.9.dylib
0x00000000024e9000 	/usr/lib/libiconv.2.dylib
0x00000000024e9000 	/System/Library/PrivateFrameworks/Heimdal.framework/Versions/A/Heimdal
0x00000000024e9000 	/System/Library/PrivateFrameworks/TrustEvaluationAgent.framework/Versions/A/TrustEvaluationAgent
0x00000000024e9000 	/usr/lib/libheimdal-asn1.dylib
0x00000000024e9000 	/System/Library/Frameworks/OpenDirectory.framework/Versions/A/OpenDirectory
0x00000000024e9000 	/System/Library/PrivateFrameworks/CommonAuth.framework/Versions/A/CommonAuth
0x00000000024e9000 	/System/Library/Frameworks/SecurityFoundation.framework/Versions/A/SecurityFoundation
0x00000000024e9000 	/System/Library/PrivateFrameworks/Bom.framework/Versions/A/Bom
0x00000000024e9000 	/System/Library/Frameworks/CoreVideo.framework/Versions/A/CoreVideo
0x00000000024e9000 	/System/Library/Frameworks/QuartzCore.framework/Versions/A/Frameworks/CoreImage.framework/Versions/A/CoreImage
0x00000000024e9000 	/System/Library/Frameworks/QuartzCore.framework/Versions/A/Frameworks/ScalableUserInterface.framework/Versions/A/ScalableUserInterface
0x00000000024e9000 	/System/Library/Frameworks/OpenGL.framework/Versions/A/Libraries/libGLU.dylib
0x00000000024e9000 	/System/Library/Frameworks/OpenGL.framework/Versions/A/Libraries/libGFXShared.dylib
0x00000000024e9000 	/System/Library/Frameworks/OpenGL.framework/Versions/A/Libraries/libGL.dylib
0x00000000024e9000 	/System/Library/Frameworks/OpenGL.framework/Versions/A/Libraries/libGLImage.dylib
0x00000000024e9000 	/System/Library/Frameworks/OpenGL.framework/Versions/A/Libraries/libCVMSPluginSupport.dylib
0x00000000024e9000 	/System/Library/Frameworks/OpenGL.framework/Versions/A/Libraries/libCoreVMClient.dylib
0x00000000024e9000 	/System/Library/PrivateFrameworks/FaceCore.framework/Versions/A/FaceCore
0x00000000024e9000 	/System/Library/PrivateFrameworks/CrashReporterSupport.framework/Versions/A/CrashReporterSupport
0x00000000024e9000 	/System/Library/Frameworks/OpenCL.framework/Versions/A/OpenCL
0x00000000024e9000 	/System/Library/PrivateFrameworks/AppleFSCompression.framework/Versions/A/AppleFSCompression
0x00000000024e9000 	/System/Library/PrivateFrameworks/Ubiquity.framework/Versions/A/Ubiquity
0x00000000024e9000 	/System/Library/PrivateFrameworks/IconServices.framework/Versions/A/IconServices
0x00000000024e9000 	/System/Library/PrivateFrameworks/ChunkingLibrary.framework/Versions/A/ChunkingLibrary
0x00000000024e9000 	/System/Library/PrivateFrameworks/CoreSymbolication.framework/Versions/A/CoreSymbolication
0x00000000024e9000 	/System/Library/PrivateFrameworks/Symbolication.framework/Versions/A/Symbolication
0x00000000024e9000 	/System/Library/PrivateFrameworks/DebugSymbols.framework/Versions/A/DebugSymbols
0x000000010ec00000 	/Library/Java/JavaVirtualMachines/jdk1.7.0_45.jdk/Contents/Home/jre/lib/server/libjvm.dylib
0x00000000024e9000 	/usr/lib/libstdc++.6.dylib
0x000000010dbbd000 	/Library/Java/JavaVirtualMachines/jdk1.7.0_45.jdk/Contents/Home/jre/lib/libverify.dylib
0x000000010dbca000 	/Library/Java/JavaVirtualMachines/jdk1.7.0_45.jdk/Contents/Home/jre/lib/libjava.dylib
0x000000010f75e000 	/Library/Java/JavaVirtualMachines/jdk1.7.0_45.jdk/Contents/Home/jre/lib/libzip.dylib
0x000000011a05e000 	/System/Library/Frameworks/JavaVM.framework/Frameworks/JavaRuntimeSupport.framework/JavaRuntimeSupport
0x000000011a076000 	/System/Library/Frameworks/JavaVM.framework/Versions/A/Frameworks/JavaNativeFoundation.framework/Versions/A/JavaNativeFoundation
0x000000011a08b000 	/System/Library/Frameworks/JavaVM.framework/Versions/A/JavaVM
0x00000000024e9000 	/System/Library/Frameworks/Carbon.framework/Versions/A/Carbon
0x000000011a098000 	/System/Library/PrivateFrameworks/JavaLaunching.framework/Versions/A/JavaLaunching
0x00000000024e9000 	/System/Library/Frameworks/Carbon.framework/Versions/A/Frameworks/CommonPanels.framework/Versions/A/CommonPanels
0x00000000024e9000 	/System/Library/Frameworks/Carbon.framework/Versions/A/Frameworks/Help.framework/Versions/A/Help
0x00000000024e9000 	/System/Library/Frameworks/Carbon.framework/Versions/A/Frameworks/ImageCapture.framework/Versions/A/ImageCapture
0x00000000024e9000 	/System/Library/Frameworks/Carbon.framework/Versions/A/Frameworks/OpenScripting.framework/Versions/A/OpenScripting
0x00000000024e9000 	/System/Library/Frameworks/Carbon.framework/Versions/A/Frameworks/Print.framework/Versions/A/Print
0x00000000024e9000 	/System/Library/Frameworks/Carbon.framework/Versions/A/Frameworks/SecurityHI.framework/Versions/A/SecurityHI
0x000000011a744000 	/private/var/folders/d8/_xjxbp410vz5v0_9gsxrvhcw0000gn/T/libgdxPatrick/92bf976d/libgdx.dylib
0x000000011a7a8000 	/Library/Java/JavaVirtualMachines/jdk1.7.0_45.jdk/Contents/Home/jre/lib/libawt.dylib
0x000000011a857000 	/Library/Java/JavaVirtualMachines/jdk1.7.0_45.jdk/Contents/Home/jre/lib/./libmlib_image.dylib
0x000000011a945000 	/Library/Java/JavaVirtualMachines/jdk1.7.0_45.jdk/Contents/Home/jre/lib/lwawt/liblwawt.dylib
0x000000011a9f9000 	/Library/Java/JavaVirtualMachines/jdk1.7.0_45.jdk/Contents/Home/jre/lib/libosxapp.dylib
0x00000000024e9000 	/System/Library/Frameworks/ExceptionHandling.framework/Versions/A/ExceptionHandling
0x00000000024e9000 	/System/Library/PrivateFrameworks/CoreServicesInternal.framework/Versions/A/CoreServicesInternal
0x00000000024e9000 	/System/Library/PrivateFrameworks/Librarian.framework/Versions/A/Librarian
0x00000000024e9000 	/System/Library/Frameworks/CoreGraphics.framework/Versions/A/Resources/libCGCMS.A.dylib
0x00000000024e9000 	/System/Library/Frameworks/CoreGraphics.framework/Versions/A/Resources/libRIP.A.dylib
0x00000000024e9000 	/System/Library/CoreServices/RawCamera.bundle/Contents/MacOS/RawCamera
0x00000000024e9000 	/System/Library/Frameworks/CoreGraphics.framework/Versions/A/Resources/libCGXType.A.dylib
0x00000000024e9000 	/System/Library/PrivateFrameworks/FamilyControls.framework/Versions/A/FamilyControls
0x00000000024e9000 	/System/Library/PrivateFrameworks/CommerceKit.framework/Versions/A/Frameworks/CommerceCore.framework/Versions/A/CommerceCore
0x00000000024e9000 	/System/Library/PrivateFrameworks/SystemAdministration.framework/Versions/A/SystemAdministration
0x00000000024e9000 	/System/Library/Frameworks/DirectoryService.framework/Versions/A/DirectoryService
0x00000000024e9000 	/System/Library/PrivateFrameworks/DiskImages.framework/Versions/A/DiskImages
0x00000000024e9000 	/System/Library/PrivateFrameworks/LoginUIKit.framework/Versions/A/Frameworks/LoginUICore.framework/Versions/A/LoginUICore
0x00000000024e9000 	/usr/lib/libCoreStorage.dylib
0x00000000024e9000 	/usr/lib/libcsfde.dylib
0x00000000024e9000 	/usr/lib/libodfde.dylib
0x00000000024e9000 	/System/Library/Frameworks/DiscRecording.framework/Versions/A/DiscRecording
0x00000000024e9000 	/usr/lib/libcurl.4.dylib
0x00000000024e9000 	/System/Library/PrivateFrameworks/MediaKit.framework/Versions/A/MediaKit
0x00000000024e9000 	/System/Library/PrivateFrameworks/EFILogin.framework/Versions/A/EFILogin
0x00000000024e9000 	/usr/lib/libutil.dylib
0x00000000024e9000 	/System/Library/PrivateFrameworks/AOSNotification.framework/Versions/A/AOSNotification
0x00000000024e9000 	/System/Library/Frameworks/LDAP.framework/Versions/A/LDAP
0x00000000024e9000 	/usr/lib/libsasl2.2.dylib
0x00000000024e9000 	/usr/lib/libcrypto.0.9.8.dylib
0x00000000024e9000 	/usr/lib/libssl.0.9.8.dylib
0x000000011ed82000 	/Library/Java/JavaVirtualMachines/jdk1.7.0_45.jdk/Contents/Home/jre/lib/libfontmanager.dylib
0x000000011ede6000 	/private/var/folders/d8/_xjxbp410vz5v0_9gsxrvhcw0000gn/T/libgdxPatrick/75260a42/liblwjgl.jnilib
0x000000011c58d000 	/Library/Java/JavaVirtualMachines/jdk1.7.0_45.jdk/Contents/Home/jre/lib/libjawt.dylib
0x000000011ee61000 	/var/folders/d8/_xjxbp410vz5v0_9gsxrvhcw0000gn/T/libgdxPatrick/75260a42/openal.dylib
0x000000011eed0000 	/System/Library/Components/CoreAudio.component/Contents/MacOS/CoreAudio
0x000000011f14b000 	/System/Library/Extensions/AppleHDA.kext/Contents/PlugIns/AppleHDAHALPlugIn.bundle/Contents/MacOS/AppleHDAHALPlugIn
0x00000000024e9000 	/System/Library/Frameworks/OpenGL.framework/Versions/A/Resources/GLEngine.bundle/GLEngine
0x00000000024e9000 	/System/Library/Frameworks/OpenGL.framework/Versions/A/Libraries/libGLProgrammability.dylib
0x0000000000000000 	/System/Library/Extensions/AMDRadeonX3000GLDriver.bundle/Contents/MacOS/AMDRadeonX3000GLDriver
0x00000000024e9000 	/System/Library/PrivateFrameworks/IOAccelerator.framework/Versions/A/IOAccelerator
0x00000000024e9000 	/System/Library/PrivateFrameworks/GPUSupport.framework/Versions/A/Libraries/libGPUSupportMercury.dylib
0x0000000000000000 	/System/Library/Extensions/AppleIntelHD3000GraphicsGLDriver.bundle/Contents/MacOS/AppleIntelHD3000GraphicsGLDriver
0x000000011f6d9000 	/System/Library/PrivateFrameworks/GPUSupport.framework/Versions/A/Libraries/libGPUSupport.dylib
0x00000000024e9000 	/System/Library/Frameworks/OpenGL.framework/Versions/A/Resources/GLRendererFloat.bundle/GLRendererFloat
0x00000000024e9000 	/System/Library/Frameworks/OpenCL.framework/Versions/A/Libraries/libcldcpuengine.dylib

VM Arguments:
jvm_args: -Dfile.encoding=US-ASCII 
java_command: com.petree.DragonWings.Main
Launcher Type: SUN_STANDARD

Environment Variables:
PATH=/usr/bin:/bin:/usr/sbin:/sbin
SHELL=/bin/bash

Signal Handlers:
SIGSEGV: [libjvm.dylib+0x525415], sa_mask[0]=0xfffefeff, sa_flags=0x00000043
SIGBUS: [libjvm.dylib+0x525415], sa_mask[0]=0xfffefeff, sa_flags=0x00000042
SIGFPE: [libjvm.dylib+0x41891a], sa_mask[0]=0xfffefeff, sa_flags=0x00000042
SIGPIPE: [libjvm.dylib+0x41891a], sa_mask[0]=0xfffefeff, sa_flags=0x00000042
SIGXFSZ: [libjvm.dylib+0x41891a], sa_mask[0]=0xfffefeff, sa_flags=0x00000042
SIGILL: [libjvm.dylib+0x41891a], sa_mask[0]=0xfffefeff, sa_flags=0x00000042
SIGUSR1: SIG_DFL, sa_mask[0]=0x00000000, sa_flags=0x00000002
SIGUSR2: [libjvm.dylib+0x41840c], sa_mask[0]=0x00000004, sa_flags=0x00000042
SIGHUP: [libjvm.dylib+0x41669b], sa_mask[0]=0xfffefeff, sa_flags=0x00000042
SIGINT: [libjvm.dylib+0x41669b], sa_mask[0]=0xfffefeff, sa_flags=0x00000042
SIGTERM: [libjvm.dylib+0x41669b], sa_mask[0]=0xfffefeff, sa_flags=0x00000042
SIGQUIT: [libjvm.dylib+0x41669b], sa_mask[0]=0xfffefeff, sa_flags=0x00000042


---------------  S Y S T E M  ---------------

OS:Bsduname:Darwin 13.0.0 Darwin Kernel Version 13.0.0: Thu Sep 19 22:22:27 PDT 2013; root:xnu-2422.1.72~6/RELEASE_X86_64 x86_64
rlimit: STACK 8192k, CORE 0k, NPROC 709, NOFILE 10240, AS infinity
load average:1.09 1.08 1.10

CPU:total 8 (4 cores per cpu, 2 threads per core) family 6 model 42 stepping 7, cmov, cx8, fxsr, mmx, sse, sse2, sse3, ssse3, sse4.1, sse4.2, popcnt, avx, aes, ht, tsc, tscinvbit

Memory: 4k page, physical 8388608k(2097152k free)

/proc/meminfo:


vm_info: Java HotSpot(TM) 64-Bit Server VM (24.45-b08) for bsd-amd64 JRE (1.7.0_45-b18), built on Oct  8 2013 05:54:16 by "java_re" with gcc 4.2.1 (Based on Apple Inc. build 5658) (LLVM build 2336.11.00)

time: Thu Feb 20 07:52:13 2014
elapsed time: 30 seconds

